Sun Sep 13 13:20:58 CEST 2015 : Apache Derby Network Server - 10.11.1.2 - (1629631) started and ready to accept connections on port 1527
----------------------------------------------------------------
Sun Sep 13 13:20:58 CEST 2015:
Booting Derby version The Apache Software Foundation - Apache Derby - 10.11.1.2 - (1629631): instance a816c00e-014f-c66f-c4cb-ffffa1db4a2c 
on database directory C:\Users\Hazem\Documents\NetBeansProjects\tumitfahrer_drs\DRS\tumitfahrer_db with class loader sun.misc.Launcher$AppClassLoader@5e2de80c 
Loaded from file:/C:/Program%20Files/Java/jdk1.8.0_60/db/lib/derby.jar
java.vendor=Oracle Corporation
java.runtime.version=1.8.0_60-b27
user.dir=C:\Program Files\Java\jdk1.8.0_60\db
os.name=Windows 7
os.arch=amd64
os.version=6.1
derby.system.home=C:\Users\Hazem\Documents\NetBeansProjects\tumitfahrer_drs\DRS
Database Class Loader started - derby.database.classpath='app.drs'
----------------------------------------------------------------
Sun Sep 13 16:50:00 CEST 2015: Shutting down Derby engine
----------------------------------------------------------------
Sun Sep 13 16:50:00 CEST 2015:
Shutting down instance a816c00e-014f-c66f-c4cb-ffffa1db4a2c on database directory C:\Users\Hazem\Documents\NetBeansProjects\tumitfahrer_drs\DRS\tumitfahrer_db with class loader sun.misc.Launcher$AppClassLoader@5e2de80c 
----------------------------------------------------------------
